<?xml version="1.0" encoding="UTF-8"?>
<testng-results ignored="0" total="1" passed="1" failed="0" skipped="0">
  <reporter-output>
  </reporter-output>
  <suite started-at="2025-12-05T10:18:05 GMT" name="Automation Suite" finished-at="2025-12-05T10:18:14 GMT" duration-ms="8702">
    <groups>
    </groups>
    <test started-at="2025-12-05T10:18:05 GMT" name="Ecommerce Test Cases" finished-at="2025-12-05T10:18:14 GMT" duration-ms="8702">
      <class name="com.vts.tests.E2EOrderFlowTest">
        <test-method is-config="true" signature="setUp()[pri:0, instance:com.vts.tests.E2EOrderFlowTest@a514af7]" started-at="2025-12-05T10:18:05 GMT" name="setUp" finished-at="2025-12-05T10:18:07 GMT" duration-ms="1703" status="PASS">
          <reporter-output>
          </reporter-output>
        </test-method> <!-- setUp -->
        <test-method signature="verifyUserCanCompleteEndToEndPurchaseFlow()[pri:0, instance:com.vts.tests.E2EOrderFlowTest@a514af7]" started-at="2025-12-05T10:18:07 GMT" name="verifyUserCanCompleteEndToEndPurchaseFlow" finished-at="2025-12-05T10:18:13 GMT" duration-ms="6583" status="PASS">
          <reporter-output>
          </reporter-output>
        </test-method> <!-- verifyUserCanCompleteEndToEndPurchaseFlow -->
        <test-method is-config="true" signature="tearDown()[pri:0, instance:com.vts.tests.E2EOrderFlowTest@a514af7]" started-at="2025-12-05T10:18:13 GMT" name="tearDown" finished-at="2025-12-05T10:18:14 GMT" duration-ms="332" status="PASS">
          <reporter-output>
          </reporter-output>
        </test-method> <!-- tearDown -->
      </class> <!-- com.vts.tests.E2EOrderFlowTest -->
    </test> <!-- Ecommerce Test Cases -->
  </suite> <!-- Automation Suite -->
</testng-results>
