<?xml version="1.0" encoding="UTF-8"?>
<testng-results ignored="0" total="1" passed="1" failed="0" skipped="0">
  <reporter-output>
  </reporter-output>
  <suite started-at="2025-12-05T10:18:41 GMT" name="Default suite" finished-at="2025-12-05T10:18:49 GMT" duration-ms="8691">
    <groups>
    </groups>
    <test started-at="2025-12-05T10:18:41 GMT" name="Default test" finished-at="2025-12-05T10:18:49 GMT" duration-ms="8691">
      <class name="com.vts.tests.E2EOrderFlowTest">
        <test-method is-config="true" signature="setUp()[pri:0, instance:com.vts.tests.E2EOrderFlowTest@43bc63a3]" started-at="2025-12-05T10:18:41 GMT" name="setUp" finished-at="2025-12-05T10:18:42 GMT" duration-ms="1641" status="PASS">
          <reporter-output>
          </reporter-output>
        </test-method> <!-- setUp -->
        <test-method signature="verifyUserCanCompleteEndToEndPurchaseFlow()[pri:0, instance:com.vts.tests.E2EOrderFlowTest@43bc63a3]" started-at="2025-12-05T10:18:42 GMT" name="verifyUserCanCompleteEndToEndPurchaseFlow" finished-at="2025-12-05T10:18:49 GMT" duration-ms="6986" status="PASS">
          <reporter-output>
          </reporter-output>
        </test-method> <!-- verifyUserCanCompleteEndToEndPurchaseFlow -->
        <test-method is-config="true" signature="tearDown()[pri:0, instance:com.vts.tests.E2EOrderFlowTest@43bc63a3]" started-at="2025-12-05T10:18:49 GMT" name="tearDown" finished-at="2025-12-05T10:18:49 GMT" duration-ms="3" status="PASS">
          <reporter-output>
          </reporter-output>
        </test-method> <!-- tearDown -->
      </class> <!-- com.vts.tests.E2EOrderFlowTest -->
    </test> <!-- Default test -->
  </suite> <!-- Default suite -->
</testng-results>
